06, 26, 2016 (15:45:57): Opening rpy file C:\Program Files (x86)\IBM\Rational\Rhapsody Modeler\7.5\Share\Properties\PredefinedTypes.sbs
06, 26, 2016 (15:45:57): 
 Started loading C:\Program Files (x86)\IBM\Rational\Rhapsody Modeler\7.5\Share\Properties\PredefinedTypes.sbs on Sunday, June 26, 2016 (15:45:57).-

06, 26, 2016 (15:45:57): 

Starting inUnit resolution phase


06, 26, 2016 (15:45:57): 

Finished inUnit resolution phase


06, 26, 2016 (15:45:57): 
 Finished loading C:\Program Files (x86)\IBM\Rational\Rhapsody Modeler\7.5\Share\Properties\PredefinedTypes.sbs on Sunday, June 26, 2016 (15:45:57).-

06, 26, 2016 (15:45:57): Opening rpy file C:\Program Files (x86)\IBM\Rational\Rhapsody Modeler\7.5\Share\Properties\PredefinedTypesC++.sbs
06, 26, 2016 (15:45:57): 
 Started loading C:\Program Files (x86)\IBM\Rational\Rhapsody Modeler\7.5\Share\Properties\PredefinedTypesC++.sbs on Sunday, June 26, 2016 (15:45:57).-

06, 26, 2016 (15:45:57): 

Starting inUnit resolution phase


06, 26, 2016 (15:45:57): 

Finished inUnit resolution phase


06, 26, 2016 (15:45:57): 
 Finished loading C:\Program Files (x86)\IBM\Rational\Rhapsody Modeler\7.5\Share\Properties\PredefinedTypesC++.sbs on Sunday, June 26, 2016 (15:45:57).-

06, 26, 2016 (15:45:57): Opening rpy file C:\Users\Uglaybe Piell\Projeto_Shalom\Projeto_Shalom.rpy
06, 26, 2016 (15:45:57): 
 Started loading C:\Users\Uglaybe Piell\Projeto_Shalom\Projeto_Shalom.rpy on Sunday, June 26, 2016 (15:45:57).-

06, 26, 2016 (15:45:57): Opening rpy file C:\Users\Uglaybe Piell\Projeto_Shalom\Projeto_Shalom_rpy\Componentes.sbs
06, 26, 2016 (15:45:57): 
 Started loading C:\Users\Uglaybe Piell\Projeto_Shalom\Projeto_Shalom_rpy\Componentes.sbs on Sunday, June 26, 2016 (15:45:57).-

06, 26, 2016 (15:45:57): Opening rpy file C:\Users\Uglaybe Piell\Projeto_Shalom\Projeto_Shalom_rpy\Bluetooth_1.sbs
06, 26, 2016 (15:45:57): 
 Started loading C:\Users\Uglaybe Piell\Projeto_Shalom\Projeto_Shalom_rpy\Bluetooth_1.sbs on Sunday, June 26, 2016 (15:45:57).-

06, 26, 2016 (15:45:57): 

Starting inUnit resolution phase


06, 26, 2016 (15:45:57): 

Finished inUnit resolution phase


06, 26, 2016 (15:45:57): 
 Finished loading C:\Users\Uglaybe Piell\Projeto_Shalom\Projeto_Shalom_rpy\Bluetooth_1.sbs on Sunday, June 26, 2016 (15:45:57).-

06, 26, 2016 (15:45:57): Opening rpy file C:\Users\Uglaybe Piell\Projeto_Shalom\Projeto_Shalom_rpy\Timers_1.sbs
06, 26, 2016 (15:45:57): 
 Started loading C:\Users\Uglaybe Piell\Projeto_Shalom\Projeto_Shalom_rpy\Timers_1.sbs on Sunday, June 26, 2016 (15:45:57).-

06, 26, 2016 (15:45:57): 

Starting inUnit resolution phase


06, 26, 2016 (15:45:57): 

Finished inUnit resolution phase


06, 26, 2016 (15:45:57): 
 Finished loading C:\Users\Uglaybe Piell\Projeto_Shalom\Projeto_Shalom_rpy\Timers_1.sbs on Sunday, June 26, 2016 (15:45:57).-

06, 26, 2016 (15:45:57): Opening rpy file C:\Users\Uglaybe Piell\Projeto_Shalom\Projeto_Shalom_rpy\LCD_1.sbs
06, 26, 2016 (15:45:57): 
 Started loading C:\Users\Uglaybe Piell\Projeto_Shalom\Projeto_Shalom_rpy\LCD_1.sbs on Sunday, June 26, 2016 (15:45:57).-

06, 26, 2016 (15:45:57): 

Starting inUnit resolution phase


06, 26, 2016 (15:45:57): 

Finished inUnit resolution phase


06, 26, 2016 (15:45:57): 
 Finished loading C:\Users\Uglaybe Piell\Projeto_Shalom\Projeto_Shalom_rpy\LCD_1.sbs on Sunday, June 26, 2016 (15:45:57).-

06, 26, 2016 (15:45:57): Opening rpy file C:\Users\Uglaybe Piell\Projeto_Shalom\Projeto_Shalom_rpy\Switch.sbs
06, 26, 2016 (15:45:57): 
 Started loading C:\Users\Uglaybe Piell\Projeto_Shalom\Projeto_Shalom_rpy\Switch.sbs on Sunday, June 26, 2016 (15:45:57).-

06, 26, 2016 (15:45:57): 

Starting inUnit resolution phase


06, 26, 2016 (15:45:57): 

Finished inUnit resolution phase


06, 26, 2016 (15:45:57): 
 Finished loading C:\Users\Uglaybe Piell\Projeto_Shalom\Projeto_Shalom_rpy\Switch.sbs on Sunday, June 26, 2016 (15:45:57).-

06, 26, 2016 (15:45:57): Opening rpy file C:\Users\Uglaybe Piell\Projeto_Shalom\Projeto_Shalom_rpy\TSI.sbs
06, 26, 2016 (15:45:57): 
 Started loading C:\Users\Uglaybe Piell\Projeto_Shalom\Projeto_Shalom_rpy\TSI.sbs on Sunday, June 26, 2016 (15:45:57).-

06, 26, 2016 (15:45:57): 

Starting inUnit resolution phase


06, 26, 2016 (15:45:57): 

Finished inUnit resolution phase


06, 26, 2016 (15:45:57): 
 Finished loading C:\Users\Uglaybe Piell\Projeto_Shalom\Projeto_Shalom_rpy\TSI.sbs on Sunday, June 26, 2016 (15:45:57).-

06, 26, 2016 (15:45:57): Opening rpy file C:\Users\Uglaybe Piell\Projeto_Shalom\Projeto_Shalom_rpy\Acelerometro.sbs
06, 26, 2016 (15:45:57): 
 Started loading C:\Users\Uglaybe Piell\Projeto_Shalom\Projeto_Shalom_rpy\Acelerometro.sbs on Sunday, June 26, 2016 (15:45:57).-

06, 26, 2016 (15:45:57): 

Starting inUnit resolution phase


06, 26, 2016 (15:45:57): 

Finished inUnit resolution phase


06, 26, 2016 (15:45:57): 
 Finished loading C:\Users\Uglaybe Piell\Projeto_Shalom\Projeto_Shalom_rpy\Acelerometro.sbs on Sunday, June 26, 2016 (15:45:57).-

06, 26, 2016 (15:45:57): 

Starting inUnit resolution phase


06, 26, 2016 (15:45:57): 

Finished inUnit resolution phase


06, 26, 2016 (15:45:57): 
 Finished loading C:\Users\Uglaybe Piell\Projeto_Shalom\Projeto_Shalom_rpy\Componentes.sbs on Sunday, June 26, 2016 (15:45:57).-

06, 26, 2016 (15:45:57): Opening rpy file C:\Users\Uglaybe Piell\Projeto_Shalom\Projeto_Shalom_rpy\Sistema.sbs
06, 26, 2016 (15:45:57): 
 Started loading C:\Users\Uglaybe Piell\Projeto_Shalom\Projeto_Shalom_rpy\Sistema.sbs on Sunday, June 26, 2016 (15:45:57).-

06, 26, 2016 (15:45:57): 

Starting inUnit resolution phase


06, 26, 2016 (15:45:57): 

Finished inUnit resolution phase


06, 26, 2016 (15:45:57): 
 Finished loading C:\Users\Uglaybe Piell\Projeto_Shalom\Projeto_Shalom_rpy\Sistema.sbs on Sunday, June 26, 2016 (15:45:57).-

06, 26, 2016 (15:45:57): Opening rpy file C:\Users\Uglaybe Piell\Projeto_Shalom\Projeto_Shalom_rpy\Util.sbs
06, 26, 2016 (15:45:57): 
 Started loading C:\Users\Uglaybe Piell\Projeto_Shalom\Projeto_Shalom_rpy\Util.sbs on Sunday, June 26, 2016 (15:45:57).-

06, 26, 2016 (15:45:57): 

Starting inUnit resolution phase


06, 26, 2016 (15:45:57): 

Finished inUnit resolution phase


06, 26, 2016 (15:45:57): 
 Finished loading C:\Users\Uglaybe Piell\Projeto_Shalom\Projeto_Shalom_rpy\Util.sbs on Sunday, June 26, 2016 (15:45:57).-

06, 26, 2016 (15:45:57): Opening rpy file C:\Users\Uglaybe Piell\Projeto_Shalom\Projeto_Shalom_rpy\Main.sbs
06, 26, 2016 (15:45:57): 
 Started loading C:\Users\Uglaybe Piell\Projeto_Shalom\Projeto_Shalom_rpy\Main.sbs on Sunday, June 26, 2016 (15:45:57).-

06, 26, 2016 (15:45:57): 

Starting inUnit resolution phase


06, 26, 2016 (15:45:57): 

Finished inUnit resolution phase


06, 26, 2016 (15:45:57): 
 Finished loading C:\Users\Uglaybe Piell\Projeto_Shalom\Projeto_Shalom_rpy\Main.sbs on Sunday, June 26, 2016 (15:45:57).-

06, 26, 2016 (15:45:57): Opening rpy file C:\Users\Uglaybe Piell\Projeto_Shalom\Projeto_Shalom_rpy\Factory.sbs
06, 26, 2016 (15:45:57): 
 Started loading C:\Users\Uglaybe Piell\Projeto_Shalom\Projeto_Shalom_rpy\Factory.sbs on Sunday, June 26, 2016 (15:45:57).-

06, 26, 2016 (15:45:57): 

Starting inUnit resolution phase


06, 26, 2016 (15:45:57): 

Finished inUnit resolution phase


06, 26, 2016 (15:45:57): 
 Finished loading C:\Users\Uglaybe Piell\Projeto_Shalom\Projeto_Shalom_rpy\Factory.sbs on Sunday, June 26, 2016 (15:45:57).-

06, 26, 2016 (15:45:57): Opening rpy file C:\Users\Uglaybe Piell\Projeto_Shalom\Projeto_Shalom_rpy\Default.sbs
06, 26, 2016 (15:45:57): 
 Started loading C:\Users\Uglaybe Piell\Projeto_Shalom\Projeto_Shalom_rpy\Default.sbs on Sunday, June 26, 2016 (15:45:57).-

06, 26, 2016 (15:45:57): 

Starting inUnit resolution phase


06, 26, 2016 (15:45:57): 

Finished inUnit resolution phase


06, 26, 2016 (15:45:57): 
 Finished loading C:\Users\Uglaybe Piell\Projeto_Shalom\Projeto_Shalom_rpy\Default.sbs on Sunday, June 26, 2016 (15:45:57).-

06, 26, 2016 (15:45:57): Opening rpy file C:\Users\Uglaybe Piell\Projeto_Shalom\Projeto_Shalom_rpy\DefaultComponent.cmp
06, 26, 2016 (15:45:57): 
 Started loading C:\Users\Uglaybe Piell\Projeto_Shalom\Projeto_Shalom_rpy\DefaultComponent.cmp on Sunday, June 26, 2016 (15:45:57).-

06, 26, 2016 (15:45:57): 

Starting inUnit resolution phase


06, 26, 2016 (15:45:57): 

Finished inUnit resolution phase


06, 26, 2016 (15:45:57): 
 Finished loading C:\Users\Uglaybe Piell\Projeto_Shalom\Projeto_Shalom_rpy\DefaultComponent.cmp on Sunday, June 26, 2016 (15:45:57).-

06, 26, 2016 (15:45:57): 

Starting inUnit resolution phase


06, 26, 2016 (15:45:57): 

Finished inUnit resolution phase


06, 26, 2016 (15:45:57): 

Starting inUnit resolution phase


06, 26, 2016 (15:45:57): 

Finished inUnit resolution phase


06, 26, 2016 (15:45:57): 

Starting inUnit resolution phase


06, 26, 2016 (15:45:57): 

Finished inUnit resolution phase


06, 26, 2016 (15:45:57): 
 Finished loading C:\Users\Uglaybe Piell\Projeto_Shalom\Projeto_Shalom.rpy on Sunday, June 26, 2016 (15:45:57).-

06, 26, 2016 (15:45:57): Starting checks of EventsBaseID conflicts
06, 26, 2016 (15:45:57): Finished checks of EventsBaseID conflicts
06, 26, 2016 (15:45:57): End Log
