06, 26, 2016 (15:36:00): Starting Pre-Save actions

06, 26, 2016 (15:36:00): Starting Dialogs Check/Save
06, 26, 2016 (15:36:00): Finished Dialogs Check/Save
06, 26, 2016 (15:36:00): Starting Controlled Files Resolution
06, 26, 2016 (15:36:00): Finished Controlled Files Resolution
06, 26, 2016 (15:36:00): Finished Pre-Save actions

06, 26, 2016 (15:36:00): Creating C:\Users\Uglaybe Piell\Projeto_Shalom\Projeto_Shalom.rpy
06, 26, 2016 (15:36:00): 
Started writing C:\Users\Uglaybe Piell\Projeto_Shalom\Projeto_Shalom.rpy on Sunday, June 26, 2016 (15:36:00)

06, 26, 2016 (15:36:00): version 8.5.2
06, 26, 2016 (15:36:00): 
Started writing C:\Users\Uglaybe Piell\Projeto_Shalom\Projeto_Shalom_rpy\filesTable.dat on Sunday, June 26, 2016 (15:36:00)

06, 26, 2016 (15:36:00): Finished writing C:\Users\Uglaybe Piell\Projeto_Shalom\Projeto_Shalom_rpy\filesTable.dat on Sunday, June 26, 2016 (15:36:00)

06, 26, 2016 (15:36:00): Creating C:\Users\Uglaybe Piell\Projeto_Shalom\Projeto_Shalom_rpy\Main.sbs
06, 26, 2016 (15:36:00): 
Started writing C:\Users\Uglaybe Piell\Projeto_Shalom\Projeto_Shalom_rpy\Main.sbs on Sunday, June 26, 2016 (15:36:00)

06, 26, 2016 (15:36:00): version 8.5.2
06, 26, 2016 (15:36:00): Finished writing C:\Users\Uglaybe Piell\Projeto_Shalom\Projeto_Shalom_rpy\Main.sbs on Sunday, June 26, 2016 (15:36:00)

06, 26, 2016 (15:36:00): Finished writing C:\Users\Uglaybe Piell\Projeto_Shalom\Projeto_Shalom.rpy on Sunday, June 26, 2016 (15:36:00)

06, 26, 2016 (15:36:00): End Log
